<?xml version="1.0" encoding="UTF-8"?>
<!-- Generated by org.testng.reporters.JUnitReportReporter -->
<testsuite hostname="QSINBNB342" failures="0" tests="3" name="Code.SATest2" time="22.834" errors="0" timestamp="2023-05-23T15:31:29 IST" skipped="0">
  <testcase classname="Code.SATest2" name="orderHistoryTest" time="5.179"/>
  <system-out/>
  <testcase classname="Code.SATest2" name="submitOrder" time="9.322"/>
  <system-out/>
  <testcase classname="Code.SATest2" name="submitOrder" time="8.333"/>
  <system-out/>
</testsuite> <!-- Code.SATest2 -->
