<?xml version="1.0" encoding="UTF-8"?>
<!-- Generated by org.testng.reporters.JUnitReportReporter -->
<testsuite hostname="QSINBNB342" failures="0" tests="2" name="Code.SATest2" time="13.535" errors="0" timestamp="2023-05-24T13:43:09 IST" skipped="0">
  <testcase classname="Code.SATest2" name="submitOrder" time="6.580"/>
  <system-out/>
  <testcase classname="Code.SATest2" name="submitOrder" time="6.955"/>
  <system-out/>
</testsuite> <!-- Code.SATest2 -->
