<?xml version="1.0" encoding="UTF-8"?>
<!-- Generated by org.testng.reporters.JUnitReportReporter -->
<testsuite hostname="QSINBNB342" failures="0" tests="1" name="Code.ErrorValidation" time="4.377" errors="0" timestamp="2023-05-24T13:42:27 IST" skipped="0">
  <testcase classname="Code.ErrorValidation" name="LoginErrorValidation" time="4.377"/>
  <system-out/>
</testsuite> <!-- Code.ErrorValidation -->
